2022-08-03 16:38:03.142  INFO 27448 --- [restartedMain] com.teras.TerasApplication               : Starting TerasApplication using Java 1.8.0_192 on DESKTOP-KNDLPLS with PID 27448 (C:\Users\patt1\Desktop\공통프로젝트\TERAS-feature-be-notice\backend\bin\main started by patt1 in C:\Users\patt1\Desktop\공통프로젝트\TERAS-feature-be-notice\backend)
2022-08-03 16:38:03.149  INFO 27448 --- [restartedMain] com.teras.TerasApplication               : No active profile set, falling back to default profiles: default
2022-08-03 16:38:03.197  INFO 27448 --- [restartedMain] .e.DevToolsPropertyDefaultsPostProcessor : Devtools property defaults active! Set 'spring.devtools.add-properties' to 'false' to disable
2022-08-03 16:38:03.198  INFO 27448 --- [restartedMain] .e.DevToolsPropertyDefaultsPostProcessor : For additional web related logging consider setting the 'logging.level.web' property to 'DEBUG'
2022-08-03 16:38:04.599  INFO 27448 --- [restartedMain] .s.d.r.c.RepositoryConfigurationDelegate : Bootstrapping Spring Data JPA repositories in DEFAULT mode.
2022-08-03 16:38:04.699  INFO 27448 --- [restartedMain] .s.d.r.c.RepositoryConfigurationDelegate : Finished Spring Data repository scanning in 89 ms. Found 2 JPA repository interfaces.
2022-08-03 16:38:05.168  INFO 27448 --- [restartedMain] trationDelegate$BeanPostProcessorChecker : Bean 'org.springframework.security.access.expression.method.DefaultMethodSecurityExpressionHandler@36b4daa9' of type [org.springframework.security.access.expression.method.DefaultMethodSecurityExpressionHandler] is not eligible for getting processed by all BeanPostProcessors (for example: not eligible for auto-proxying)
2022-08-03 16:38:05.174  INFO 27448 --- [restartedMain] trationDelegate$BeanPostProcessorChecker : Bean 'methodSecurityMetadataSource' of type [org.springframework.security.access.method.DelegatingMethodSecurityMetadataSource] is not eligible for getting processed by all BeanPostProcessors (for example: not eligible for auto-proxying)
2022-08-03 16:38:05.542  INFO 27448 --- [restartedMain] o.s.b.w.embedded.tomcat.TomcatWebServer  : Tomcat initialized with port(s): 8080 (http)
2022-08-03 16:38:05.551  INFO 27448 --- [restartedMain] o.apache.catalina.core.StandardService   : Starting service [Tomcat]
2022-08-03 16:38:05.552  INFO 27448 --- [restartedMain] org.apache.catalina.core.StandardEngine  : Starting Servlet engine: [Apache Tomcat/9.0.45]
2022-08-03 16:38:05.661  INFO 27448 --- [restartedMain] o.a.c.c.C.[Tomcat].[localhost].[/]       : Initializing Spring embedded WebApplicationContext
2022-08-03 16:38:05.661  INFO 27448 --- [restartedMain] w.s.c.ServletWebServerApplicationContext : Root WebApplicationContext: initialization completed in 2462 ms
2022-08-03 16:38:05.816  INFO 27448 --- [restartedMain] o.s.boot.web.servlet.RegistrationBean    : Filter characterEncodingFilter was not registered (possibly already registered?)
2022-08-03 16:38:05.837 DEBUG 27448 --- [restartedMain] o.s.web.filter.CharacterEncodingFilter   : Filter 'characterEncodingFilter' configured for use
2022-08-03 16:38:05.838 DEBUG 27448 --- [restartedMain] o.s.w.f.CommonsRequestLoggingFilter      : Filter 'commonsRequestLoggingFilter' configured for use
2022-08-03 16:38:06.013  INFO 27448 --- [restartedMain] o.hibernate.jpa.internal.util.LogHelper  : HHH000204: Processing PersistenceUnitInfo [name: default]
2022-08-03 16:38:06.063  INFO 27448 --- [restartedMain] org.hibernate.Version                    : HHH000412: Hibernate ORM core version 5.4.30.Final
2022-08-03 16:38:06.261  INFO 27448 --- [restartedMain] o.hibernate.annotations.common.Version   : HCANN000001: Hibernate Commons Annotations {5.1.2.Final}
2022-08-03 16:38:06.375  INFO 27448 --- [restartedMain] com.zaxxer.hikari.HikariDataSource       : HikariPool-1 - Starting...
2022-08-03 16:38:06.626  INFO 27448 --- [restartedMain] com.zaxxer.hikari.HikariDataSource       : HikariPool-1 - Start completed.
2022-08-03 16:38:06.645  INFO 27448 --- [restartedMain] org.hibernate.dialect.Dialect            : HHH000400: Using dialect: org.hibernate.dialect.MySQL57Dialect
2022-08-03 16:38:07.660  INFO 27448 --- [restartedMain] o.h.e.t.j.p.i.JtaPlatformInitiator       : HHH000490: Using JtaPlatform implementation: [org.hibernate.engine.transaction.jta.platform.internal.NoJtaPlatform]
2022-08-03 16:38:07.672  INFO 27448 --- [restartedMain] j.LocalContainerEntityManagerFactoryBean : Initialized JPA EntityManagerFactory for persistence unit 'default'
2022-08-03 16:38:07.720  INFO 27448 --- [restartedMain] o.s.b.d.a.OptionalLiveReloadServer       : LiveReload server is running on port 35729
2022-08-03 16:38:08.200  WARN 27448 --- [restartedMain] JpaBaseConfiguration$JpaWebConfiguration : spring.jpa.open-in-view is enabled by default. Therefore, database queries may be performed during view rendering. Explicitly configure spring.jpa.open-in-view to disable this warning
2022-08-03 16:38:08.246  WARN 27448 --- [restartedMain] ConfigServletWebServerApplicationContext : Exception encountered during context initialization - cancelling refresh attempt: org.springframework.beans.factory.UnsatisfiedDependencyException: Error creating bean with name 'fileController': Unsatisfied dependency expressed through field 'fileSerivce'; nested exception is org.springframework.beans.factory.NoSuchBeanDefinitionException: No qualifying bean of type 'com.teras.api.service.FileService' available: expected at least 1 bean which qualifies as autowire candidate. Dependency annotations: {@org.springframework.beans.factory.annotation.Autowired(required=true)}
2022-08-03 16:38:08.247  INFO 27448 --- [restartedMain] j.LocalContainerEntityManagerFactoryBean : Closing JPA EntityManagerFactory for persistence unit 'default'
2022-08-03 16:38:08.251  INFO 27448 --- [restartedMain] com.zaxxer.hikari.HikariDataSource       : HikariPool-1 - Shutdown initiated...
2022-08-03 16:38:08.260  INFO 27448 --- [restartedMain] com.zaxxer.hikari.HikariDataSource       : HikariPool-1 - Shutdown completed.
2022-08-03 16:38:08.264  INFO 27448 --- [restartedMain] o.apache.catalina.core.StandardService   : Stopping service [Tomcat]
2022-08-03 16:38:08.280  INFO 27448 --- [restartedMain] ConditionEvaluationReportLoggingListener : 

Error starting ApplicationContext. To display the conditions report re-run your application with 'debug' enabled.
2022-08-03 16:38:08.301 ERROR 27448 --- [restartedMain] o.s.b.d.LoggingFailureAnalysisReporter   : 

***************************
APPLICATION FAILED TO START
***************************

Description:

Field fileSerivce in com.teras.api.controller.FileController required a bean of type 'com.teras.api.service.FileService' that could not be found.

The injection point has the following annotations:
	- @org.springframework.beans.factory.annotation.Autowired(required=true)


Action:

Consider defining a bean of type 'com.teras.api.service.FileService' in your configuration.

2022-08-03 16:38:36.790  INFO 29468 --- [restartedMain] com.teras.TerasApplication               : Starting TerasApplication using Java 1.8.0_192 on DESKTOP-KNDLPLS with PID 29468 (C:\Users\patt1\Desktop\공통프로젝트\TERAS-feature-be-notice\backend\bin\main started by patt1 in C:\Users\patt1\Desktop\공통프로젝트\TERAS-feature-be-notice\backend)
2022-08-03 16:38:36.793  INFO 29468 --- [restartedMain] com.teras.TerasApplication               : No active profile set, falling back to default profiles: default
2022-08-03 16:38:36.835  INFO 29468 --- [restartedMain] .e.DevToolsPropertyDefaultsPostProcessor : Devtools property defaults active! Set 'spring.devtools.add-properties' to 'false' to disable
2022-08-03 16:38:36.835  INFO 29468 --- [restartedMain] .e.DevToolsPropertyDefaultsPostProcessor : For additional web related logging consider setting the 'logging.level.web' property to 'DEBUG'
2022-08-03 16:38:38.092  INFO 29468 --- [restartedMain] .s.d.r.c.RepositoryConfigurationDelegate : Bootstrapping Spring Data JPA repositories in DEFAULT mode.
2022-08-03 16:38:38.175  INFO 29468 --- [restartedMain] .s.d.r.c.RepositoryConfigurationDelegate : Finished Spring Data repository scanning in 75 ms. Found 2 JPA repository interfaces.
2022-08-03 16:38:38.529  INFO 29468 --- [restartedMain] trationDelegate$BeanPostProcessorChecker : Bean 'org.springframework.security.access.expression.method.DefaultMethodSecurityExpressionHandler@2d8f5c70' of type [org.springframework.security.access.expression.method.DefaultMethodSecurityExpressionHandler] is not eligible for getting processed by all BeanPostProcessors (for example: not eligible for auto-proxying)
2022-08-03 16:38:38.534  INFO 29468 --- [restartedMain] trationDelegate$BeanPostProcessorChecker : Bean 'methodSecurityMetadataSource' of type [org.springframework.security.access.method.DelegatingMethodSecurityMetadataSource] is not eligible for getting processed by all BeanPostProcessors (for example: not eligible for auto-proxying)
2022-08-03 16:38:38.819  INFO 29468 --- [restartedMain] o.s.b.w.embedded.tomcat.TomcatWebServer  : Tomcat initialized with port(s): 8080 (http)
2022-08-03 16:38:38.827  INFO 29468 --- [restartedMain] o.apache.catalina.core.StandardService   : Starting service [Tomcat]
2022-08-03 16:38:38.828  INFO 29468 --- [restartedMain] org.apache.catalina.core.StandardEngine  : Starting Servlet engine: [Apache Tomcat/9.0.45]
2022-08-03 16:38:38.928  INFO 29468 --- [restartedMain] o.a.c.c.C.[Tomcat].[localhost].[/]       : Initializing Spring embedded WebApplicationContext
2022-08-03 16:38:38.928  INFO 29468 --- [restartedMain] w.s.c.ServletWebServerApplicationContext : Root WebApplicationContext: initialization completed in 2092 ms
2022-08-03 16:38:39.067  INFO 29468 --- [restartedMain] o.s.boot.web.servlet.RegistrationBean    : Filter characterEncodingFilter was not registered (possibly already registered?)
2022-08-03 16:38:39.085 DEBUG 29468 --- [restartedMain] o.s.web.filter.CharacterEncodingFilter   : Filter 'characterEncodingFilter' configured for use
2022-08-03 16:38:39.085 DEBUG 29468 --- [restartedMain] o.s.w.f.CommonsRequestLoggingFilter      : Filter 'commonsRequestLoggingFilter' configured for use
2022-08-03 16:38:39.232  INFO 29468 --- [restartedMain] o.hibernate.jpa.internal.util.LogHelper  : HHH000204: Processing PersistenceUnitInfo [name: default]
2022-08-03 16:38:39.279  INFO 29468 --- [restartedMain] org.hibernate.Version                    : HHH000412: Hibernate ORM core version 5.4.30.Final
2022-08-03 16:38:39.475  INFO 29468 --- [restartedMain] o.hibernate.annotations.common.Version   : HCANN000001: Hibernate Commons Annotations {5.1.2.Final}
2022-08-03 16:38:39.582  INFO 29468 --- [restartedMain] com.zaxxer.hikari.HikariDataSource       : HikariPool-1 - Starting...
2022-08-03 16:38:39.796  INFO 29468 --- [restartedMain] com.zaxxer.hikari.HikariDataSource       : HikariPool-1 - Start completed.
2022-08-03 16:38:39.810  INFO 29468 --- [restartedMain] org.hibernate.dialect.Dialect            : HHH000400: Using dialect: org.hibernate.dialect.MySQL57Dialect
2022-08-03 16:38:40.466  INFO 29468 --- [restartedMain] o.h.e.t.j.p.i.JtaPlatformInitiator       : HHH000490: Using JtaPlatform implementation: [org.hibernate.engine.transaction.jta.platform.internal.NoJtaPlatform]
2022-08-03 16:38:40.476  INFO 29468 --- [restartedMain] j.LocalContainerEntityManagerFactoryBean : Initialized JPA EntityManagerFactory for persistence unit 'default'
2022-08-03 16:38:40.516  INFO 29468 --- [restartedMain] o.s.b.d.a.OptionalLiveReloadServer       : LiveReload server is running on port 35729
2022-08-03 16:38:40.928  WARN 29468 --- [restartedMain] JpaBaseConfiguration$JpaWebConfiguration : spring.jpa.open-in-view is enabled by default. Therefore, database queries may be performed during view rendering. Explicitly configure spring.jpa.open-in-view to disable this warning
2022-08-03 16:38:40.968  WARN 29468 --- [restartedMain] ConfigServletWebServerApplicationContext : Exception encountered during context initialization - cancelling refresh attempt: org.springframework.beans.factory.UnsatisfiedDependencyException: Error creating bean with name 'fileController': Unsatisfied dependency expressed through field 'fileSerivce'; nested exception is org.springframework.beans.factory.NoSuchBeanDefinitionException: No qualifying bean of type 'com.teras.api.service.FileService' available: expected at least 1 bean which qualifies as autowire candidate. Dependency annotations: {@org.springframework.beans.factory.annotation.Autowired(required=true)}
2022-08-03 16:38:40.969  INFO 29468 --- [restartedMain] j.LocalContainerEntityManagerFactoryBean : Closing JPA EntityManagerFactory for persistence unit 'default'
2022-08-03 16:38:40.972  INFO 29468 --- [restartedMain] com.zaxxer.hikari.HikariDataSource       : HikariPool-1 - Shutdown initiated...
2022-08-03 16:38:40.976  INFO 29468 --- [restartedMain] com.zaxxer.hikari.HikariDataSource       : HikariPool-1 - Shutdown completed.
2022-08-03 16:38:40.978  INFO 29468 --- [restartedMain] o.apache.catalina.core.StandardService   : Stopping service [Tomcat]
2022-08-03 16:38:40.993  INFO 29468 --- [restartedMain] ConditionEvaluationReportLoggingListener : 

Error starting ApplicationContext. To display the conditions report re-run your application with 'debug' enabled.
2022-08-03 16:38:41.013 ERROR 29468 --- [restartedMain] o.s.b.d.LoggingFailureAnalysisReporter   : 

***************************
APPLICATION FAILED TO START
***************************

Description:

Field fileSerivce in com.teras.api.controller.FileController required a bean of type 'com.teras.api.service.FileService' that could not be found.

The injection point has the following annotations:
	- @org.springframework.beans.factory.annotation.Autowired(required=true)


Action:

Consider defining a bean of type 'com.teras.api.service.FileService' in your configuration.

2022-08-03 16:38:53.869  INFO 23600 --- [restartedMain] com.teras.TerasApplication               : Starting TerasApplication using Java 1.8.0_192 on DESKTOP-KNDLPLS with PID 23600 (C:\Users\patt1\Desktop\공통프로젝트\TERAS-feature-be-notice\backend\bin\main started by patt1 in C:\Users\patt1\Desktop\공통프로젝트\TERAS-feature-be-notice\backend)
2022-08-03 16:38:53.872  INFO 23600 --- [restartedMain] com.teras.TerasApplication               : No active profile set, falling back to default profiles: default
2022-08-03 16:38:53.918  INFO 23600 --- [restartedMain] .e.DevToolsPropertyDefaultsPostProcessor : Devtools property defaults active! Set 'spring.devtools.add-properties' to 'false' to disable
2022-08-03 16:38:53.919  INFO 23600 --- [restartedMain] .e.DevToolsPropertyDefaultsPostProcessor : For additional web related logging consider setting the 'logging.level.web' property to 'DEBUG'
2022-08-03 16:38:55.221  INFO 23600 --- [restartedMain] .s.d.r.c.RepositoryConfigurationDelegate : Bootstrapping Spring Data JPA repositories in DEFAULT mode.
2022-08-03 16:38:55.309  INFO 23600 --- [restartedMain] .s.d.r.c.RepositoryConfigurationDelegate : Finished Spring Data repository scanning in 81 ms. Found 2 JPA repository interfaces.
2022-08-03 16:38:55.679  INFO 23600 --- [restartedMain] trationDelegate$BeanPostProcessorChecker : Bean 'org.springframework.security.access.expression.method.DefaultMethodSecurityExpressionHandler@4da831d3' of type [org.springframework.security.access.expression.method.DefaultMethodSecurityExpressionHandler] is not eligible for getting processed by all BeanPostProcessors (for example: not eligible for auto-proxying)
2022-08-03 16:38:55.684  INFO 23600 --- [restartedMain] trationDelegate$BeanPostProcessorChecker : Bean 'methodSecurityMetadataSource' of type [org.springframework.security.access.method.DelegatingMethodSecurityMetadataSource] is not eligible for getting processed by all BeanPostProcessors (for example: not eligible for auto-proxying)
2022-08-03 16:38:55.998  INFO 23600 --- [restartedMain] o.s.b.w.embedded.tomcat.TomcatWebServer  : Tomcat initialized with port(s): 8080 (http)
2022-08-03 16:38:56.007  INFO 23600 --- [restartedMain] o.apache.catalina.core.StandardService   : Starting service [Tomcat]
2022-08-03 16:38:56.007  INFO 23600 --- [restartedMain] org.apache.catalina.core.StandardEngine  : Starting Servlet engine: [Apache Tomcat/9.0.45]
2022-08-03 16:38:56.114  INFO 23600 --- [restartedMain] o.a.c.c.C.[Tomcat].[localhost].[/]       : Initializing Spring embedded WebApplicationContext
2022-08-03 16:38:56.115  INFO 23600 --- [restartedMain] w.s.c.ServletWebServerApplicationContext : Root WebApplicationContext: initialization completed in 2195 ms
2022-08-03 16:38:56.261  INFO 23600 --- [restartedMain] o.s.boot.web.servlet.RegistrationBean    : Filter characterEncodingFilter was not registered (possibly already registered?)
2022-08-03 16:38:56.280 DEBUG 23600 --- [restartedMain] o.s.web.filter.CharacterEncodingFilter   : Filter 'characterEncodingFilter' configured for use
2022-08-03 16:38:56.281 DEBUG 23600 --- [restartedMain] o.s.w.f.CommonsRequestLoggingFilter      : Filter 'commonsRequestLoggingFilter' configured for use
2022-08-03 16:38:56.439  INFO 23600 --- [restartedMain] o.hibernate.jpa.internal.util.LogHelper  : HHH000204: Processing PersistenceUnitInfo [name: default]
2022-08-03 16:38:56.489  INFO 23600 --- [restartedMain] org.hibernate.Version                    : HHH000412: Hibernate ORM core version 5.4.30.Final
2022-08-03 16:38:56.684  INFO 23600 --- [restartedMain] o.hibernate.annotations.common.Version   : HCANN000001: Hibernate Commons Annotations {5.1.2.Final}
2022-08-03 16:38:56.787  INFO 23600 --- [restartedMain] com.zaxxer.hikari.HikariDataSource       : HikariPool-1 - Starting...
2022-08-03 16:38:57.010  INFO 23600 --- [restartedMain] com.zaxxer.hikari.HikariDataSource       : HikariPool-1 - Start completed.
2022-08-03 16:38:57.024  INFO 23600 --- [restartedMain] org.hibernate.dialect.Dialect            : HHH000400: Using dialect: org.hibernate.dialect.MySQL57Dialect
2022-08-03 16:38:57.725  INFO 23600 --- [restartedMain] o.h.e.t.j.p.i.JtaPlatformInitiator       : HHH000490: Using JtaPlatform implementation: [org.hibernate.engine.transaction.jta.platform.internal.NoJtaPlatform]
2022-08-03 16:38:57.736  INFO 23600 --- [restartedMain] j.LocalContainerEntityManagerFactoryBean : Initialized JPA EntityManagerFactory for persistence unit 'default'
2022-08-03 16:38:57.778  INFO 23600 --- [restartedMain] o.s.b.d.a.OptionalLiveReloadServer       : LiveReload server is running on port 35729
2022-08-03 16:38:58.201  WARN 23600 --- [restartedMain] JpaBaseConfiguration$JpaWebConfiguration : spring.jpa.open-in-view is enabled by default. Therefore, database queries may be performed during view rendering. Explicitly configure spring.jpa.open-in-view to disable this warning
2022-08-03 16:38:58.243  WARN 23600 --- [restartedMain] ConfigServletWebServerApplicationContext : Exception encountered during context initialization - cancelling refresh attempt: org.springframework.beans.factory.BeanCreationException: Error creating bean with name 'fileController': Injection of autowired dependencies failed; nested exception is java.lang.IllegalArgumentException: Could not resolve placeholder 'file.path' in value "${file.path}"
2022-08-03 16:38:58.244  INFO 23600 --- [restartedMain] j.LocalContainerEntityManagerFactoryBean : Closing JPA EntityManagerFactory for persistence unit 'default'
2022-08-03 16:38:58.248  INFO 23600 --- [restartedMain] com.zaxxer.hikari.HikariDataSource       : HikariPool-1 - Shutdown initiated...
2022-08-03 16:38:58.251  INFO 23600 --- [restartedMain] com.zaxxer.hikari.HikariDataSource       : HikariPool-1 - Shutdown completed.
2022-08-03 16:38:58.254  INFO 23600 --- [restartedMain] o.apache.catalina.core.StandardService   : Stopping service [Tomcat]
2022-08-03 16:38:58.269  INFO 23600 --- [restartedMain] ConditionEvaluationReportLoggingListener : 

Error starting ApplicationContext. To display the conditions report re-run your application with 'debug' enabled.
2022-08-03 16:38:58.300 ERROR 23600 --- [restartedMain] o.s.boot.SpringApplication               : Application run failed

org.springframework.beans.factory.BeanCreationException: Error creating bean with name 'fileController': Injection of autowired dependencies failed; nested exception is java.lang.IllegalArgumentException: Could not resolve placeholder 'file.path' in value "${file.path}"
	at org.springframework.beans.factory.annotation.AutowiredAnnotationBeanPostProcessor.postProcessProperties(AutowiredAnnotationBeanPostProcessor.java:405) ~[spring-beans-5.3.6.jar:5.3.6]
	at org.springframework.beans.factory.support.AbstractAutowireCapableBeanFactory.populateBean(AbstractAutowireCapableBeanFactory.java:1413) ~[spring-beans-5.3.6.jar:5.3.6]
	at org.springframework.beans.factory.support.AbstractAutowireCapableBeanFactory.doCreateBean(AbstractAutowireCapableBeanFactory.java:601) ~[spring-beans-5.3.6.jar:5.3.6]
	at org.springframework.beans.factory.support.AbstractAutowireCapableBeanFactory.createBean(AbstractAutowireCapableBeanFactory.java:524) ~[spring-beans-5.3.6.jar:5.3.6]
	at org.springframework.beans.factory.support.AbstractBeanFactory.lambda$doGetBean$0(AbstractBeanFactory.java:335) ~[spring-beans-5.3.6.jar:5.3.6]
	at org.springframework.beans.factory.support.DefaultSingletonBeanRegistry.getSingleton(DefaultSingletonBeanRegistry.java:234) ~[spring-beans-5.3.6.jar:5.3.6]
	at org.springframework.beans.factory.support.AbstractBeanFactory.doGetBean(AbstractBeanFactory.java:333) ~[spring-beans-5.3.6.jar:5.3.6]
	at org.springframework.beans.factory.support.AbstractBeanFactory.getBean(AbstractBeanFactory.java:208) ~[spring-beans-5.3.6.jar:5.3.6]
	at org.springframework.beans.factory.support.DefaultListableBeanFactory.preInstantiateSingletons(DefaultListableBeanFactory.java:944) ~[spring-beans-5.3.6.jar:5.3.6]
	at org.springframework.context.support.AbstractApplicationContext.finishBeanFactoryInitialization(AbstractApplicationContext.java:918) ~[spring-context-5.3.6.jar:5.3.6]
	at org.springframework.context.support.AbstractApplicationContext.refresh(AbstractApplicationContext.java:583) ~[spring-context-5.3.6.jar:5.3.6]
	at org.springframework.boot.web.servlet.context.ServletWebServerApplicationContext.refresh(ServletWebServerApplicationContext.java:144) ~[spring-boot-2.4.5.jar:2.4.5]
	at org.springframework.boot.SpringApplication.refresh(SpringApplication.java:782) [spring-boot-2.4.5.jar:2.4.5]
	at org.springframework.boot.SpringApplication.refresh(SpringApplication.java:774) [spring-boot-2.4.5.jar:2.4.5]
	at org.springframework.boot.SpringApplication.refreshContext(SpringApplication.java:439) [spring-boot-2.4.5.jar:2.4.5]
	at org.springframework.boot.SpringApplication.run(SpringApplication.java:339) [spring-boot-2.4.5.jar:2.4.5]
	at org.springframework.boot.SpringApplication.run(SpringApplication.java:1340) [spring-boot-2.4.5.jar:2.4.5]
	at org.springframework.boot.SpringApplication.run(SpringApplication.java:1329) [spring-boot-2.4.5.jar:2.4.5]
	at com.teras.TerasApplication.main(TerasApplication.java:16) [main/:na]
	at sun.reflect.NativeMethodAccessorImpl.invoke0(Native Method) ~[na:1.8.0_192]
	at sun.reflect.NativeMethodAccessorImpl.invoke(NativeMethodAccessorImpl.java:62) ~[na:1.8.0_192]
	at sun.reflect.DelegatingMethodAccessorImpl.invoke(DelegatingMethodAccessorImpl.java:43) ~[na:1.8.0_192]
	at java.lang.reflect.Method.invoke(Method.java:498) ~[na:1.8.0_192]
	at org.springframework.boot.devtools.restart.RestartLauncher.run(RestartLauncher.java:49) [spring-boot-devtools-2.4.5.jar:2.4.5]
Caused by: java.lang.IllegalArgumentException: Could not resolve placeholder 'file.path' in value "${file.path}"
	at org.springframework.util.PropertyPlaceholderHelper.parseStringValue(PropertyPlaceholderHelper.java:178) ~[spring-core-5.3.6.jar:5.3.6]
	at org.springframework.util.PropertyPlaceholderHelper.replacePlaceholders(PropertyPlaceholderHelper.java:124) ~[spring-core-5.3.6.jar:5.3.6]
	at org.springframework.core.env.AbstractPropertyResolver.doResolvePlaceholders(AbstractPropertyResolver.java:239) ~[spring-core-5.3.6.jar:5.3.6]
	at org.springframework.core.env.AbstractPropertyResolver.resolveRequiredPlaceholders(AbstractPropertyResolver.java:210) ~[spring-core-5.3.6.jar:5.3.6]
	at org.springframework.context.support.PropertySourcesPlaceholderConfigurer.lambda$processProperties$0(PropertySourcesPlaceholderConfigurer.java:175) ~[spring-context-5.3.6.jar:5.3.6]
	at org.springframework.beans.factory.support.AbstractBeanFactory.resolveEmbeddedValue(AbstractBeanFactory.java:936) ~[spring-beans-5.3.6.jar:5.3.6]
	at org.springframework.beans.factory.support.DefaultListableBeanFactory.doResolveDependency(DefaultListableBeanFactory.java:1321) ~[spring-beans-5.3.6.jar:5.3.6]
	at org.springframework.beans.factory.support.DefaultListableBeanFactory.resolveDependency(DefaultListableBeanFactory.java:1300) ~[spring-beans-5.3.6.jar:5.3.6]
	at org.springframework.beans.factory.annotation.AutowiredAnnotationBeanPostProcessor$AutowiredFieldElement.resolveFieldValue(AutowiredAnnotationBeanPostProcessor.java:657) ~[spring-beans-5.3.6.jar:5.3.6]
	at org.springframework.beans.factory.annotation.AutowiredAnnotationBeanPostProcessor$AutowiredFieldElement.inject(AutowiredAnnotationBeanPostProcessor.java:640) ~[spring-beans-5.3.6.jar:5.3.6]
	at org.springframework.beans.factory.annotation.InjectionMetadata.inject(InjectionMetadata.java:119) ~[spring-beans-5.3.6.jar:5.3.6]
	at org.springframework.beans.factory.annotation.AutowiredAnnotationBeanPostProcessor.postProcessProperties(AutowiredAnnotationBeanPostProcessor.java:399) ~[spring-beans-5.3.6.jar:5.3.6]
	... 23 common frames omitted

2022-08-03 16:39:23.395  INFO 27368 --- [restartedMain] com.teras.TerasApplication               : Starting TerasApplication using Java 1.8.0_192 on DESKTOP-KNDLPLS with PID 27368 (C:\Users\patt1\Desktop\공통프로젝트\TERAS-feature-be-notice\backend\bin\main started by patt1 in C:\Users\patt1\Desktop\공통프로젝트\TERAS-feature-be-notice\backend)
2022-08-03 16:39:23.398  INFO 27368 --- [restartedMain] com.teras.TerasApplication               : No active profile set, falling back to default profiles: default
2022-08-03 16:39:23.441  INFO 27368 --- [restartedMain] .e.DevToolsPropertyDefaultsPostProcessor : Devtools property defaults active! Set 'spring.devtools.add-properties' to 'false' to disable
2022-08-03 16:39:23.441  INFO 27368 --- [restartedMain] .e.DevToolsPropertyDefaultsPostProcessor : For additional web related logging consider setting the 'logging.level.web' property to 'DEBUG'
2022-08-03 16:39:24.848  INFO 27368 --- [restartedMain] .s.d.r.c.RepositoryConfigurationDelegate : Bootstrapping Spring Data JPA repositories in DEFAULT mode.
2022-08-03 16:39:24.937  INFO 27368 --- [restartedMain] .s.d.r.c.RepositoryConfigurationDelegate : Finished Spring Data repository scanning in 82 ms. Found 2 JPA repository interfaces.
2022-08-03 16:39:25.356  INFO 27368 --- [restartedMain] trationDelegate$BeanPostProcessorChecker : Bean 'org.springframework.security.access.expression.method.DefaultMethodSecurityExpressionHandler@67893306' of type [org.springframework.security.access.expression.method.DefaultMethodSecurityExpressionHandler] is not eligible for getting processed by all BeanPostProcessors (for example: not eligible for auto-proxying)
2022-08-03 16:39:25.362  INFO 27368 --- [restartedMain] trationDelegate$BeanPostProcessorChecker : Bean 'methodSecurityMetadataSource' of type [org.springframework.security.access.method.DelegatingMethodSecurityMetadataSource] is not eligible for getting processed by all BeanPostProcessors (for example: not eligible for auto-proxying)
2022-08-03 16:39:25.685  INFO 27368 --- [restartedMain] o.s.b.w.embedded.tomcat.TomcatWebServer  : Tomcat initialized with port(s): 8080 (http)
2022-08-03 16:39:25.694  INFO 27368 --- [restartedMain] o.apache.catalina.core.StandardService   : Starting service [Tomcat]
2022-08-03 16:39:25.694  INFO 27368 --- [restartedMain] org.apache.catalina.core.StandardEngine  : Starting Servlet engine: [Apache Tomcat/9.0.45]
2022-08-03 16:39:25.815  INFO 27368 --- [restartedMain] o.a.c.c.C.[Tomcat].[localhost].[/]       : Initializing Spring embedded WebApplicationContext
2022-08-03 16:39:25.816  INFO 27368 --- [restartedMain] w.s.c.ServletWebServerApplicationContext : Root WebApplicationContext: initialization completed in 2374 ms
2022-08-03 16:39:25.971  INFO 27368 --- [restartedMain] o.s.boot.web.servlet.RegistrationBean    : Filter characterEncodingFilter was not registered (possibly already registered?)
2022-08-03 16:39:25.989 DEBUG 27368 --- [restartedMain] o.s.web.filter.CharacterEncodingFilter   : Filter 'characterEncodingFilter' configured for use
2022-08-03 16:39:25.989 DEBUG 27368 --- [restartedMain] o.s.w.f.CommonsRequestLoggingFilter      : Filter 'commonsRequestLoggingFilter' configured for use
2022-08-03 16:39:26.138  INFO 27368 --- [restartedMain] o.hibernate.jpa.internal.util.LogHelper  : HHH000204: Processing PersistenceUnitInfo [name: default]
2022-08-03 16:39:26.186  INFO 27368 --- [restartedMain] org.hibernate.Version                    : HHH000412: Hibernate ORM core version 5.4.30.Final
2022-08-03 16:39:26.370  INFO 27368 --- [restartedMain] o.hibernate.annotations.common.Version   : HCANN000001: Hibernate Commons Annotations {5.1.2.Final}
2022-08-03 16:39:26.473  INFO 27368 --- [restartedMain] com.zaxxer.hikari.HikariDataSource       : HikariPool-1 - Starting...
2022-08-03 16:39:26.712  INFO 27368 --- [restartedMain] com.zaxxer.hikari.HikariDataSource       : HikariPool-1 - Start completed.
2022-08-03 16:39:26.730  INFO 27368 --- [restartedMain] org.hibernate.dialect.Dialect            : HHH000400: Using dialect: org.hibernate.dialect.MySQL57Dialect
2022-08-03 16:39:27.487  INFO 27368 --- [restartedMain] o.h.e.t.j.p.i.JtaPlatformInitiator       : HHH000490: Using JtaPlatform implementation: [org.hibernate.engine.transaction.jta.platform.internal.NoJtaPlatform]
2022-08-03 16:39:27.497  INFO 27368 --- [restartedMain] j.LocalContainerEntityManagerFactoryBean : Initialized JPA EntityManagerFactory for persistence unit 'default'
2022-08-03 16:39:27.537  INFO 27368 --- [restartedMain] o.s.b.d.a.OptionalLiveReloadServer       : LiveReload server is running on port 35729
2022-08-03 16:39:27.974  WARN 27368 --- [restartedMain] JpaBaseConfiguration$JpaWebConfiguration : spring.jpa.open-in-view is enabled by default. Therefore, database queries may be performed during view rendering. Explicitly configure spring.jpa.open-in-view to disable this warning
2022-08-03 16:39:28.369 DEBUG 27368 --- [restartedMain] s.w.s.m.m.a.RequestMappingHandlerMapping : 16 mappings in 'requestMappingHandlerMapping'
2022-08-03 16:39:28.483  INFO 27368 --- [restartedMain] o.s.b.a.e.web.EndpointLinksResolver      : Exposing 2 endpoint(s) beneath base path '/actuator'
2022-08-03 16:39:28.716  INFO 27368 --- [restartedMain] o.s.s.web.DefaultSecurityFilterChain     : Will secure any request with [org.springframework.security.web.context.request.async.WebAsyncManagerIntegrationFilter@2c48, org.springframework.security.web.context.SecurityContextPersistenceFilter@aca6f60, org.springframework.security.web.header.HeaderWriterFilter@45179848, org.springframework.web.filter.CorsFilter@42b8bb5, org.springframework.security.web.authentication.logout.LogoutFilter@3522ac05, com.teras.common.auth.JwtAuthenticationFilter@5f89d584, org.springframework.security.web.savedrequest.RequestCacheAwareFilter@574dc75e, org.springframework.security.web.servletapi.SecurityContextHolderAwareRequestFilter@17bf011e, org.springframework.security.web.authentication.AnonymousAuthenticationFilter@174af472, org.springframework.security.web.session.SessionManagementFilter@383e5577, org.springframework.security.web.access.ExceptionTranslationFilter@b6d4e6a, org.springframework.security.web.access.intercept.FilterSecurityInterceptor@147c0a6]
2022-08-03 16:39:28.951  INFO 27368 --- [restartedMain] o.s.s.concurrent.ThreadPoolTaskExecutor  : Initializing ExecutorService 'applicationTaskExecutor'
2022-08-03 16:39:28.967 DEBUG 27368 --- [restartedMain] s.w.s.m.m.a.RequestMappingHandlerAdapter : ControllerAdvice beans: 0 @ModelAttribute, 0 @InitBinder, 1 RequestBodyAdvice, 1 ResponseBodyAdvice
2022-08-03 16:39:29.007 DEBUG 27368 --- [restartedMain] o.s.w.s.handler.SimpleUrlHandlerMapping  : Patterns [/swagger-ui/] in 'viewControllerHandlerMapping'
2022-08-03 16:39:29.027 DEBUG 27368 --- [restartedMain] o.s.w.s.c.annotation.WebMvcConfigurer    : Default resource handling disabled
2022-08-03 16:39:29.252 DEBUG 27368 --- [restartedMain] o.s.w.s.handler.SimpleUrlHandlerMapping  : Patterns [/resources/**, /swagger-ui.html, /webjars/**, /css/**, /fonts/**, /icons/**, /img/**, /js/**, /swagger-ui/**] in 'resourceHandlerMapping'
2022-08-03 16:39:29.263 DEBUG 27368 --- [restartedMain] .m.m.a.ExceptionHandlerExceptionResolver : ControllerAdvice beans: 1 @ExceptionHandler, 1 ResponseBodyAdvice
2022-08-03 16:39:29.284  WARN 27368 --- [restartedMain] o.s.b.a.m.MustacheAutoConfiguration      : Cannot find template location: classpath:/templates/ (please add some templates, check your Mustache configuration, or set spring.mustache.check-template-location=false)
2022-08-03 16:39:29.526  INFO 27368 --- [restartedMain] o.s.b.w.embedded.tomcat.TomcatWebServer  : Tomcat started on port(s): 8080 (http) with context path ''
2022-08-03 16:39:29.587  INFO 27368 --- [restartedMain] com.teras.TerasApplication               : Started TerasApplication in 6.581 seconds (JVM running for 7.428)
2022-08-03 16:39:42.508  INFO 27368 --- [http-nio-0.0.0.0-8080-exec-2] o.a.c.c.C.[Tomcat].[localhost].[/]       : Initializing Spring DispatcherServlet 'dispatcherServlet'
2022-08-03 16:39:42.509  INFO 27368 --- [http-nio-0.0.0.0-8080-exec-2] o.s.web.servlet.DispatcherServlet        : Initializing Servlet 'dispatcherServlet'
2022-08-03 16:39:42.509 DEBUG 27368 --- [http-nio-0.0.0.0-8080-exec-2] o.s.web.servlet.DispatcherServlet        : Detected StandardServletMultipartResolver
2022-08-03 16:39:42.509 DEBUG 27368 --- [http-nio-0.0.0.0-8080-exec-2] o.s.web.servlet.DispatcherServlet        : Detected AcceptHeaderLocaleResolver
2022-08-03 16:39:42.509 DEBUG 27368 --- [http-nio-0.0.0.0-8080-exec-2] o.s.web.servlet.DispatcherServlet        : Detected FixedThemeResolver
2022-08-03 16:39:42.511 DEBUG 27368 --- [http-nio-0.0.0.0-8080-exec-2] o.s.web.servlet.DispatcherServlet        : Detected org.springframework.web.servlet.view.DefaultRequestToViewNameTranslator@508f74c7
2022-08-03 16:39:42.511 DEBUG 27368 --- [http-nio-0.0.0.0-8080-exec-2] o.s.web.servlet.DispatcherServlet        : Detected org.springframework.web.servlet.support.SessionFlashMapManager@5569db16
2022-08-03 16:39:42.511 DEBUG 27368 --- [http-nio-0.0.0.0-8080-exec-2] o.s.web.servlet.DispatcherServlet        : enableLoggingRequestDetails='false': request parameters and headers will be masked to prevent unsafe logging of potentially sensitive data
2022-08-03 16:39:42.511  INFO 27368 --- [http-nio-0.0.0.0-8080-exec-2] o.s.web.servlet.DispatcherServlet        : Completed initialization in 2 ms
2022-08-03 16:39:42.538 DEBUG 27368 --- [http-nio-0.0.0.0-8080-exec-2] o.s.web.servlet.DispatcherServlet        : POST "/auth/login", parameters={}
2022-08-03 16:39:42.541 DEBUG 27368 --- [http-nio-0.0.0.0-8080-exec-2] s.w.s.m.m.a.RequestMappingHandlerMapping : Mapped to com.teras.api.controller.AuthController#login(UserLoginPostReq)
2022-08-03 16:39:42.608 DEBUG 27368 --- [http-nio-0.0.0.0-8080-exec-2] m.m.a.RequestResponseBodyMethodProcessor : Read "application/json;charset=UTF-8" to [com.teras.api.request.UserLoginPostReq@4bd8b064]
2022-08-03 16:39:42.905 DEBUG 27368 --- [http-nio-0.0.0.0-8080-exec-2] o.s.w.s.m.m.a.HttpEntityMethodProcessor  : Using 'application/json', given [*/*] and supported [application/json, application/*+json, application/json, application/*+json]
2022-08-03 16:39:42.906 DEBUG 27368 --- [http-nio-0.0.0.0-8080-exec-2] o.s.w.s.m.m.a.HttpEntityMethodProcessor  : Writing [com.teras.api.response.UserLoginPostRes@6539611e]
2022-08-03 16:39:42.922 DEBUG 27368 --- [http-nio-0.0.0.0-8080-exec-2] o.s.web.servlet.DispatcherServlet        : Completed 200 OK
2022-08-03 16:42:42.650  INFO 27368 --- [Thread-5] o.s.s.concurrent.ThreadPoolTaskExecutor  : Shutting down ExecutorService 'applicationTaskExecutor'
2022-08-03 16:42:42.657  INFO 27368 --- [Thread-5] j.LocalContainerEntityManagerFactoryBean : Closing JPA EntityManagerFactory for persistence unit 'default'
2022-08-03 16:42:42.661  INFO 27368 --- [Thread-5] com.zaxxer.hikari.HikariDataSource       : HikariPool-1 - Shutdown initiated...
2022-08-03 16:42:42.667  INFO 27368 --- [Thread-5] com.zaxxer.hikari.HikariDataSource       : HikariPool-1 - Shutdown completed.
2022-08-03 16:42:42.848  INFO 27368 --- [restartedMain] com.teras.TerasApplication               : Starting TerasApplication using Java 1.8.0_192 on DESKTOP-KNDLPLS with PID 27368 (C:\Users\patt1\Desktop\공통프로젝트\TERAS-feature-be-notice\backend\bin\main started by patt1 in C:\Users\patt1\Desktop\공통프로젝트\TERAS-feature-be-notice\backend)
2022-08-03 16:42:42.848  INFO 27368 --- [restartedMain] com.teras.TerasApplication               : No active profile set, falling back to default profiles: default
2022-08-03 16:42:43.435  INFO 27368 --- [restartedMain] .s.d.r.c.RepositoryConfigurationDelegate : Bootstrapping Spring Data JPA repositories in DEFAULT mode.
2022-08-03 16:42:43.476  INFO 27368 --- [restartedMain] .s.d.r.c.RepositoryConfigurationDelegate : Finished Spring Data repository scanning in 40 ms. Found 2 JPA repository interfaces.
2022-08-03 16:42:43.548  INFO 27368 --- [restartedMain] trationDelegate$BeanPostProcessorChecker : Bean 'org.springframework.security.access.expression.method.DefaultMethodSecurityExpressionHandler@4d1857b6' of type [org.springframework.security.access.expression.method.DefaultMethodSecurityExpressionHandler] is not eligible for getting processed by all BeanPostProcessors (for example: not eligible for auto-proxying)
2022-08-03 16:42:43.549  INFO 27368 --- [restartedMain] trationDelegate$BeanPostProcessorChecker : Bean 'methodSecurityMetadataSource' of type [org.springframework.security.access.method.DelegatingMethodSecurityMetadataSource] is not eligible for getting processed by all BeanPostProcessors (for example: not eligible for auto-proxying)
2022-08-03 16:42:43.683  INFO 27368 --- [restartedMain] o.s.b.w.embedded.tomcat.TomcatWebServer  : Tomcat initialized with port(s): 8080 (http)
2022-08-03 16:42:43.684  INFO 27368 --- [restartedMain] o.apache.catalina.core.StandardService   : Starting service [Tomcat]
2022-08-03 16:42:43.685  INFO 27368 --- [restartedMain] org.apache.catalina.core.StandardEngine  : Starting Servlet engine: [Apache Tomcat/9.0.45]
2022-08-03 16:42:43.709  INFO 27368 --- [restartedMain] o.a.c.c.C.[Tomcat].[localhost].[/]       : Initializing Spring embedded WebApplicationContext
2022-08-03 16:42:43.709  INFO 27368 --- [restartedMain] w.s.c.ServletWebServerApplicationContext : Root WebApplicationContext: initialization completed in 858 ms
2022-08-03 16:42:43.764  INFO 27368 --- [restartedMain] o.s.boot.web.servlet.RegistrationBean    : Filter characterEncodingFilter was not registered (possibly already registered?)
2022-08-03 16:42:43.764 DEBUG 27368 --- [restartedMain] o.s.web.filter.CharacterEncodingFilter   : Filter 'characterEncodingFilter' configured for use
2022-08-03 16:42:43.765 DEBUG 27368 --- [restartedMain] o.s.w.f.CommonsRequestLoggingFilter      : Filter 'commonsRequestLoggingFilter' configured for use
2022-08-03 16:42:43.815  INFO 27368 --- [restartedMain] o.hibernate.jpa.internal.util.LogHelper  : HHH000204: Processing PersistenceUnitInfo [name: default]
2022-08-03 16:42:43.821  INFO 27368 --- [restartedMain] com.zaxxer.hikari.HikariDataSource       : HikariPool-2 - Starting...
2022-08-03 16:42:43.838  INFO 27368 --- [restartedMain] com.zaxxer.hikari.HikariDataSource       : HikariPool-2 - Start completed.
2022-08-03 16:42:43.839  INFO 27368 --- [restartedMain] org.hibernate.dialect.Dialect            : HHH000400: Using dialect: org.hibernate.dialect.MySQL57Dialect
2022-08-03 16:42:43.905  INFO 27368 --- [restartedMain] o.h.e.t.j.p.i.JtaPlatformInitiator       : HHH000490: Using JtaPlatform implementation: [org.hibernate.engine.transaction.jta.platform.internal.NoJtaPlatform]
2022-08-03 16:42:43.905  INFO 27368 --- [restartedMain] j.LocalContainerEntityManagerFactoryBean : Initialized JPA EntityManagerFactory for persistence unit 'default'
2022-08-03 16:42:43.926  INFO 27368 --- [restartedMain] o.s.b.d.a.OptionalLiveReloadServer       : LiveReload server is running on port 35729
2022-08-03 16:42:44.029  WARN 27368 --- [restartedMain] JpaBaseConfiguration$JpaWebConfiguration : spring.jpa.open-in-view is enabled by default. Therefore, database queries may be performed during view rendering. Explicitly configure spring.jpa.open-in-view to disable this warning
2022-08-03 16:42:44.158 DEBUG 27368 --- [restartedMain] s.w.s.m.m.a.RequestMappingHandlerMapping : 16 mappings in 'requestMappingHandlerMapping'
2022-08-03 16:42:44.215  INFO 27368 --- [restartedMain] o.s.b.a.e.web.EndpointLinksResolver      : Exposing 2 endpoint(s) beneath base path '/actuator'
2022-08-03 16:42:44.282  INFO 27368 --- [restartedMain] o.s.s.web.DefaultSecurityFilterChain     : Will secure any request with [org.springframework.security.web.context.request.async.WebAsyncManagerIntegrationFilter@21424af4, org.springframework.security.web.context.SecurityContextPersistenceFilter@5843c53c, org.springframework.security.web.header.HeaderWriterFilter@5ab64851, org.springframework.web.filter.CorsFilter@27d55d13, org.springframework.security.web.authentication.logout.LogoutFilter@142ce584, com.teras.common.auth.JwtAuthenticationFilter@40195bd9, org.springframework.security.web.savedrequest.RequestCacheAwareFilter@78eab88c, org.springframework.security.web.servletapi.SecurityContextHolderAwareRequestFilter@10f69300, org.springframework.security.web.authentication.AnonymousAuthenticationFilter@531d1b18, org.springframework.security.web.session.SessionManagementFilter@171aa5d6, org.springframework.security.web.access.ExceptionTranslationFilter@1a3747c7, org.springframework.security.web.access.intercept.FilterSecurityInterceptor@7823e119]
2022-08-03 16:42:44.312  INFO 27368 --- [restartedMain] o.s.s.concurrent.ThreadPoolTaskExecutor  : Initializing ExecutorService 'applicationTaskExecutor'
2022-08-03 16:42:44.319 DEBUG 27368 --- [restartedMain] s.w.s.m.m.a.RequestMappingHandlerAdapter : ControllerAdvice beans: 0 @ModelAttribute, 0 @InitBinder, 1 RequestBodyAdvice, 1 ResponseBodyAdvice
2022-08-03 16:42:44.335 DEBUG 27368 --- [restartedMain] o.s.w.s.handler.SimpleUrlHandlerMapping  : Patterns [/swagger-ui/] in 'viewControllerHandlerMapping'
2022-08-03 16:42:44.350 DEBUG 27368 --- [restartedMain] o.s.w.s.c.annotation.WebMvcConfigurer    : Default resource handling disabled
2022-08-03 16:42:44.500 DEBUG 27368 --- [restartedMain] o.s.w.s.handler.SimpleUrlHandlerMapping  : Patterns [/resources/**, /swagger-ui.html, /webjars/**, /css/**, /fonts/**, /icons/**, /img/**, /js/**, /swagger-ui/**] in 'resourceHandlerMapping'
2022-08-03 16:42:44.506 DEBUG 27368 --- [restartedMain] .m.m.a.ExceptionHandlerExceptionResolver : ControllerAdvice beans: 1 @ExceptionHandler, 1 ResponseBodyAdvice
2022-08-03 16:42:44.516  WARN 27368 --- [restartedMain] o.s.b.a.m.MustacheAutoConfiguration      : Cannot find template location: classpath:/templates/ (please add some templates, check your Mustache configuration, or set spring.mustache.check-template-location=false)
2022-08-03 16:42:44.600  INFO 27368 --- [restartedMain] o.s.b.w.embedded.tomcat.TomcatWebServer  : Tomcat started on port(s): 8080 (http) with context path ''
2022-08-03 16:42:44.624  INFO 27368 --- [restartedMain] com.teras.TerasApplication               : Started TerasApplication in 1.815 seconds (JVM running for 202.465)
2022-08-03 16:42:44.627  INFO 27368 --- [restartedMain] .ConditionEvaluationDeltaLoggingListener : Condition evaluation unchanged
2022-08-03 16:43:53.745  INFO 27368 --- [Thread-9] o.s.s.concurrent.ThreadPoolTaskExecutor  : Shutting down ExecutorService 'applicationTaskExecutor'
2022-08-03 16:43:53.747  INFO 27368 --- [Thread-9] j.LocalContainerEntityManagerFactoryBean : Closing JPA EntityManagerFactory for persistence unit 'default'
2022-08-03 16:43:53.748  INFO 27368 --- [Thread-9] com.zaxxer.hikari.HikariDataSource       : HikariPool-2 - Shutdown initiated...
2022-08-03 16:43:53.755  INFO 27368 --- [Thread-9] com.zaxxer.hikari.HikariDataSource       : HikariPool-2 - Shutdown completed.
2022-08-03 16:43:54.032  INFO 27368 --- [restartedMain] com.teras.TerasApplication               : Starting TerasApplication using Java 1.8.0_192 on DESKTOP-KNDLPLS with PID 27368 (C:\Users\patt1\Desktop\공통프로젝트\TERAS-feature-be-notice\backend\bin\main started by patt1 in C:\Users\patt1\Desktop\공통프로젝트\TERAS-feature-be-notice\backend)
2022-08-03 16:43:54.032  INFO 27368 --- [restartedMain] com.teras.TerasApplication               : No active profile set, falling back to default profiles: default
2022-08-03 16:43:54.609  INFO 27368 --- [restartedMain] .s.d.r.c.RepositoryConfigurationDelegate : Bootstrapping Spring Data JPA repositories in DEFAULT mode.
2022-08-03 16:43:54.648  INFO 27368 --- [restartedMain] .s.d.r.c.RepositoryConfigurationDelegate : Finished Spring Data repository scanning in 39 ms. Found 2 JPA repository interfaces.
2022-08-03 16:43:54.714  INFO 27368 --- [restartedMain] trationDelegate$BeanPostProcessorChecker : Bean 'org.springframework.security.access.expression.method.DefaultMethodSecurityExpressionHandler@26b2dc51' of type [org.springframework.security.access.expression.method.DefaultMethodSecurityExpressionHandler] is not eligible for getting processed by all BeanPostProcessors (for example: not eligible for auto-proxying)
2022-08-03 16:43:54.715  INFO 27368 --- [restartedMain] trationDelegate$BeanPostProcessorChecker : Bean 'methodSecurityMetadataSource' of type [org.springframework.security.access.method.DelegatingMethodSecurityMetadataSource] is not eligible for getting processed by all BeanPostProcessors (for example: not eligible for auto-proxying)
2022-08-03 16:43:54.848  INFO 27368 --- [restartedMain] o.s.b.w.embedded.tomcat.TomcatWebServer  : Tomcat initialized with port(s): 8080 (http)
2022-08-03 16:43:54.848  INFO 27368 --- [restartedMain] o.apache.catalina.core.StandardService   : Starting service [Tomcat]
2022-08-03 16:43:54.849  INFO 27368 --- [restartedMain] org.apache.catalina.core.StandardEngine  : Starting Servlet engine: [Apache Tomcat/9.0.45]
2022-08-03 16:43:54.873  INFO 27368 --- [restartedMain] o.a.c.c.C.[Tomcat].[localhost].[/]       : Initializing Spring embedded WebApplicationContext
2022-08-03 16:43:54.873  INFO 27368 --- [restartedMain] w.s.c.ServletWebServerApplicationContext : Root WebApplicationContext: initialization completed in 838 ms
2022-08-03 16:43:54.924  INFO 27368 --- [restartedMain] o.s.boot.web.servlet.RegistrationBean    : Filter characterEncodingFilter was not registered (possibly already registered?)
2022-08-03 16:43:54.924 DEBUG 27368 --- [restartedMain] o.s.web.filter.CharacterEncodingFilter   : Filter 'characterEncodingFilter' configured for use
2022-08-03 16:43:54.924 DEBUG 27368 --- [restartedMain] o.s.w.f.CommonsRequestLoggingFilter      : Filter 'commonsRequestLoggingFilter' configured for use
2022-08-03 16:43:54.971  INFO 27368 --- [restartedMain] o.hibernate.jpa.internal.util.LogHelper  : HHH000204: Processing PersistenceUnitInfo [name: default]
2022-08-03 16:43:54.977  INFO 27368 --- [restartedMain] com.zaxxer.hikari.HikariDataSource       : HikariPool-3 - Starting...
2022-08-03 16:43:54.993  INFO 27368 --- [restartedMain] com.zaxxer.hikari.HikariDataSource       : HikariPool-3 - Start completed.
2022-08-03 16:43:54.994  INFO 27368 --- [restartedMain] org.hibernate.dialect.Dialect            : HHH000400: Using dialect: org.hibernate.dialect.MySQL57Dialect
2022-08-03 16:43:55.058  INFO 27368 --- [restartedMain] o.h.e.t.j.p.i.JtaPlatformInitiator       : HHH000490: Using JtaPlatform implementation: [org.hibernate.engine.transaction.jta.platform.internal.NoJtaPlatform]
2022-08-03 16:43:55.058  INFO 27368 --- [restartedMain] j.LocalContainerEntityManagerFactoryBean : Initialized JPA EntityManagerFactory for persistence unit 'default'
2022-08-03 16:43:55.078  INFO 27368 --- [restartedMain] o.s.b.d.a.OptionalLiveReloadServer       : LiveReload server is running on port 35729
2022-08-03 16:43:55.181  WARN 27368 --- [restartedMain] JpaBaseConfiguration$JpaWebConfiguration : spring.jpa.open-in-view is enabled by default. Therefore, database queries may be performed during view rendering. Explicitly configure spring.jpa.open-in-view to disable this warning
2022-08-03 16:43:55.319 DEBUG 27368 --- [restartedMain] s.w.s.m.m.a.RequestMappingHandlerMapping : 16 mappings in 'requestMappingHandlerMapping'
2022-08-03 16:43:55.373  INFO 27368 --- [restartedMain] o.s.b.a.e.web.EndpointLinksResolver      : Exposing 2 endpoint(s) beneath base path '/actuator'
2022-08-03 16:43:55.442  INFO 27368 --- [restartedMain] o.s.s.web.DefaultSecurityFilterChain     : Will secure any request with [org.springframework.security.web.context.request.async.WebAsyncManagerIntegrationFilter@64e0a74b, org.springframework.security.web.context.SecurityContextPersistenceFilter@40cea604, org.springframework.security.web.header.HeaderWriterFilter@71b8116c, org.springframework.web.filter.CorsFilter@7d704df9, org.springframework.security.web.authentication.logout.LogoutFilter@6b128f09, com.teras.common.auth.JwtAuthenticationFilter@1837d3ab, org.springframework.security.web.savedrequest.RequestCacheAwareFilter@2b03ab9e, org.springframework.security.web.servletapi.SecurityContextHolderAwareRequestFilter@1a01ece3, org.springframework.security.web.authentication.AnonymousAuthenticationFilter@3718986c, org.springframework.security.web.session.SessionManagementFilter@7fe76f7c, org.springframework.security.web.access.ExceptionTranslationFilter@16bfa320, org.springframework.security.web.access.intercept.FilterSecurityInterceptor@27f85b5f]
2022-08-03 16:43:55.471  INFO 27368 --- [restartedMain] o.s.s.concurrent.ThreadPoolTaskExecutor  : Initializing ExecutorService 'applicationTaskExecutor'
2022-08-03 16:43:55.478 DEBUG 27368 --- [restartedMain] s.w.s.m.m.a.RequestMappingHandlerAdapter : ControllerAdvice beans: 0 @ModelAttribute, 0 @InitBinder, 1 RequestBodyAdvice, 1 ResponseBodyAdvice
2022-08-03 16:43:55.495 DEBUG 27368 --- [restartedMain] o.s.w.s.handler.SimpleUrlHandlerMapping  : Patterns [/swagger-ui/] in 'viewControllerHandlerMapping'
2022-08-03 16:43:55.510 DEBUG 27368 --- [restartedMain] o.s.w.s.c.annotation.WebMvcConfigurer    : Default resource handling disabled
2022-08-03 16:43:55.635 DEBUG 27368 --- [restartedMain] o.s.w.s.handler.SimpleUrlHandlerMapping  : Patterns [/resources/**, /swagger-ui.html, /webjars/**, /css/**, /fonts/**, /icons/**, /img/**, /js/**, /swagger-ui/**] in 'resourceHandlerMapping'
2022-08-03 16:43:55.642 DEBUG 27368 --- [restartedMain] .m.m.a.ExceptionHandlerExceptionResolver : ControllerAdvice beans: 1 @ExceptionHandler, 1 ResponseBodyAdvice
2022-08-03 16:43:55.653  WARN 27368 --- [restartedMain] o.s.b.a.m.MustacheAutoConfiguration      : Cannot find template location: classpath:/templates/ (please add some templates, check your Mustache configuration, or set spring.mustache.check-template-location=false)
2022-08-03 16:43:55.746  INFO 27368 --- [restartedMain] o.s.b.w.embedded.tomcat.TomcatWebServer  : Tomcat started on port(s): 8080 (http) with context path ''
2022-08-03 16:43:55.769  INFO 27368 --- [restartedMain] com.teras.TerasApplication               : Started TerasApplication in 1.773 seconds (JVM running for 273.61)
2022-08-03 16:43:55.772  INFO 27368 --- [restartedMain] .ConditionEvaluationDeltaLoggingListener : Condition evaluation unchanged
2022-08-03 16:45:04.875  INFO 27368 --- [Thread-14] o.s.s.concurrent.ThreadPoolTaskExecutor  : Shutting down ExecutorService 'applicationTaskExecutor'
2022-08-03 16:45:04.877  INFO 27368 --- [Thread-14] j.LocalContainerEntityManagerFactoryBean : Closing JPA EntityManagerFactory for persistence unit 'default'
2022-08-03 16:45:04.878  INFO 27368 --- [Thread-14] com.zaxxer.hikari.HikariDataSource       : HikariPool-3 - Shutdown initiated...
2022-08-03 16:45:04.882  INFO 27368 --- [Thread-14] com.zaxxer.hikari.HikariDataSource       : HikariPool-3 - Shutdown completed.
2022-08-03 16:45:05.132  INFO 27368 --- [restartedMain] com.teras.TerasApplication               : Starting TerasApplication using Java 1.8.0_192 on DESKTOP-KNDLPLS with PID 27368 (C:\Users\patt1\Desktop\공통프로젝트\TERAS-feature-be-notice\backend\bin\main started by patt1 in C:\Users\patt1\Desktop\공통프로젝트\TERAS-feature-be-notice\backend)
2022-08-03 16:45:05.133  INFO 27368 --- [restartedMain] com.teras.TerasApplication               : No active profile set, falling back to default profiles: default
2022-08-03 16:45:05.709  INFO 27368 --- [restartedMain] .s.d.r.c.RepositoryConfigurationDelegate : Bootstrapping Spring Data JPA repositories in DEFAULT mode.
2022-08-03 16:45:05.750  INFO 27368 --- [restartedMain] .s.d.r.c.RepositoryConfigurationDelegate : Finished Spring Data repository scanning in 40 ms. Found 2 JPA repository interfaces.
2022-08-03 16:45:05.827  INFO 27368 --- [restartedMain] trationDelegate$BeanPostProcessorChecker : Bean 'org.springframework.security.access.expression.method.DefaultMethodSecurityExpressionHandler@39152436' of type [org.springframework.security.access.expression.method.DefaultMethodSecurityExpressionHandler] is not eligible for getting processed by all BeanPostProcessors (for example: not eligible for auto-proxying)
2022-08-03 16:45:05.828  INFO 27368 --- [restartedMain] trationDelegate$BeanPostProcessorChecker : Bean 'methodSecurityMetadataSource' of type [org.springframework.security.access.method.DelegatingMethodSecurityMetadataSource] is not eligible for getting processed by all BeanPostProcessors (for example: not eligible for auto-proxying)
2022-08-03 16:45:05.957  INFO 27368 --- [restartedMain] o.s.b.w.embedded.tomcat.TomcatWebServer  : Tomcat initialized with port(s): 8080 (http)
2022-08-03 16:45:05.958  INFO 27368 --- [restartedMain] o.apache.catalina.core.StandardService   : Starting service [Tomcat]
2022-08-03 16:45:05.958  INFO 27368 --- [restartedMain] org.apache.catalina.core.StandardEngine  : Starting Servlet engine: [Apache Tomcat/9.0.45]
2022-08-03 16:45:05.981  INFO 27368 --- [restartedMain] o.a.c.c.C.[Tomcat].[localhost].[/]       : Initializing Spring embedded WebApplicationContext
2022-08-03 16:45:05.981  INFO 27368 --- [restartedMain] w.s.c.ServletWebServerApplicationContext : Root WebApplicationContext: initialization completed in 846 ms
2022-08-03 16:45:06.034  INFO 27368 --- [restartedMain] o.s.boot.web.servlet.RegistrationBean    : Filter characterEncodingFilter was not registered (possibly already registered?)
2022-08-03 16:45:06.034 DEBUG 27368 --- [restartedMain] o.s.web.filter.CharacterEncodingFilter   : Filter 'characterEncodingFilter' configured for use
2022-08-03 16:45:06.034 DEBUG 27368 --- [restartedMain] o.s.w.f.CommonsRequestLoggingFilter      : Filter 'commonsRequestLoggingFilter' configured for use
2022-08-03 16:45:06.081  INFO 27368 --- [restartedMain] o.hibernate.jpa.internal.util.LogHelper  : HHH000204: Processing PersistenceUnitInfo [name: default]
2022-08-03 16:45:06.086  INFO 27368 --- [restartedMain] com.zaxxer.hikari.HikariDataSource       : HikariPool-4 - Starting...
2022-08-03 16:45:06.102  INFO 27368 --- [restartedMain] com.zaxxer.hikari.HikariDataSource       : HikariPool-4 - Start completed.
2022-08-03 16:45:06.103  INFO 27368 --- [restartedMain] org.hibernate.dialect.Dialect            : HHH000400: Using dialect: org.hibernate.dialect.MySQL57Dialect
2022-08-03 16:45:06.162  INFO 27368 --- [restartedMain] o.h.e.t.j.p.i.JtaPlatformInitiator       : HHH000490: Using JtaPlatform implementation: [org.hibernate.engine.transaction.jta.platform.internal.NoJtaPlatform]
2022-08-03 16:45:06.162  INFO 27368 --- [restartedMain] j.LocalContainerEntityManagerFactoryBean : Initialized JPA EntityManagerFactory for persistence unit 'default'
2022-08-03 16:45:06.182  INFO 27368 --- [restartedMain] o.s.b.d.a.OptionalLiveReloadServer       : LiveReload server is running on port 35729
2022-08-03 16:45:06.281  WARN 27368 --- [restartedMain] JpaBaseConfiguration$JpaWebConfiguration : spring.jpa.open-in-view is enabled by default. Therefore, database queries may be performed during view rendering. Explicitly configure spring.jpa.open-in-view to disable this warning
2022-08-03 16:45:06.414 DEBUG 27368 --- [restartedMain] s.w.s.m.m.a.RequestMappingHandlerMapping : 16 mappings in 'requestMappingHandlerMapping'
2022-08-03 16:45:06.469  INFO 27368 --- [restartedMain] o.s.b.a.e.web.EndpointLinksResolver      : Exposing 2 endpoint(s) beneath base path '/actuator'
2022-08-03 16:45:06.536  INFO 27368 --- [restartedMain] o.s.s.web.DefaultSecurityFilterChain     : Will secure any request with [org.springframework.security.web.context.request.async.WebAsyncManagerIntegrationFilter@b3dd4bc, org.springframework.security.web.context.SecurityContextPersistenceFilter@20218b91, org.springframework.security.web.header.HeaderWriterFilter@2412580b, org.springframework.web.filter.CorsFilter@35b3a9b5, org.springframework.security.web.authentication.logout.LogoutFilter@27875d4d, com.teras.common.auth.JwtAuthenticationFilter@1bc2327d, org.springframework.security.web.savedrequest.RequestCacheAwareFilter@3f5eb06d, org.springframework.security.web.servletapi.SecurityContextHolderAwareRequestFilter@9ba758d, org.springframework.security.web.authentication.AnonymousAuthenticationFilter@20bc76e2, org.springframework.security.web.session.SessionManagementFilter@5a6b10b7, org.springframework.security.web.access.ExceptionTranslationFilter@50d9e727, org.springframework.security.web.access.intercept.FilterSecurityInterceptor@7f4a22bc]
2022-08-03 16:45:06.565  INFO 27368 --- [restartedMain] o.s.s.concurrent.ThreadPoolTaskExecutor  : Initializing ExecutorService 'applicationTaskExecutor'
2022-08-03 16:45:06.572 DEBUG 27368 --- [restartedMain] s.w.s.m.m.a.RequestMappingHandlerAdapter : ControllerAdvice beans: 0 @ModelAttribute, 0 @InitBinder, 1 RequestBodyAdvice, 1 ResponseBodyAdvice
2022-08-03 16:45:06.589 DEBUG 27368 --- [restartedMain] o.s.w.s.handler.SimpleUrlHandlerMapping  : Patterns [/swagger-ui/] in 'viewControllerHandlerMapping'
2022-08-03 16:45:06.603 DEBUG 27368 --- [restartedMain] o.s.w.s.c.annotation.WebMvcConfigurer    : Default resource handling disabled
2022-08-03 16:45:06.728 DEBUG 27368 --- [restartedMain] o.s.w.s.handler.SimpleUrlHandlerMapping  : Patterns [/resources/**, /swagger-ui.html, /webjars/**, /css/**, /fonts/**, /icons/**, /img/**, /js/**, /swagger-ui/**] in 'resourceHandlerMapping'
2022-08-03 16:45:06.735 DEBUG 27368 --- [restartedMain] .m.m.a.ExceptionHandlerExceptionResolver : ControllerAdvice beans: 1 @ExceptionHandler, 1 ResponseBodyAdvice
2022-08-03 16:45:06.746  WARN 27368 --- [restartedMain] o.s.b.a.m.MustacheAutoConfiguration      : Cannot find template location: classpath:/templates/ (please add some templates, check your Mustache configuration, or set spring.mustache.check-template-location=false)
2022-08-03 16:45:06.839  INFO 27368 --- [restartedMain] o.s.b.w.embedded.tomcat.TomcatWebServer  : Tomcat started on port(s): 8080 (http) with context path ''
2022-08-03 16:45:06.861  INFO 27368 --- [restartedMain] com.teras.TerasApplication               : Started TerasApplication in 1.764 seconds (JVM running for 344.702)
2022-08-03 16:45:06.863  INFO 27368 --- [restartedMain] .ConditionEvaluationDeltaLoggingListener : Condition evaluation unchanged
2022-08-03 16:45:09.431  INFO 27368 --- [Thread-19] o.s.s.concurrent.ThreadPoolTaskExecutor  : Shutting down ExecutorService 'applicationTaskExecutor'
2022-08-03 16:45:09.433  INFO 27368 --- [Thread-19] j.LocalContainerEntityManagerFactoryBean : Closing JPA EntityManagerFactory for persistence unit 'default'
2022-08-03 16:45:09.434  INFO 27368 --- [Thread-19] com.zaxxer.hikari.HikariDataSource       : HikariPool-4 - Shutdown initiated...
2022-08-03 16:45:09.439  INFO 27368 --- [Thread-19] com.zaxxer.hikari.HikariDataSource       : HikariPool-4 - Shutdown completed.
2022-08-03 16:45:09.702  INFO 27368 --- [restartedMain] com.teras.TerasApplication               : Starting TerasApplication using Java 1.8.0_192 on DESKTOP-KNDLPLS with PID 27368 (C:\Users\patt1\Desktop\공통프로젝트\TERAS-feature-be-notice\backend\bin\main started by patt1 in C:\Users\patt1\Desktop\공통프로젝트\TERAS-feature-be-notice\backend)
2022-08-03 16:45:09.702  INFO 27368 --- [restartedMain] com.teras.TerasApplication               : No active profile set, falling back to default profiles: default
2022-08-03 16:45:10.259  INFO 27368 --- [restartedMain] .s.d.r.c.RepositoryConfigurationDelegate : Bootstrapping Spring Data JPA repositories in DEFAULT mode.
2022-08-03 16:45:10.296  INFO 27368 --- [restartedMain] .s.d.r.c.RepositoryConfigurationDelegate : Finished Spring Data repository scanning in 37 ms. Found 2 JPA repository interfaces.
2022-08-03 16:45:10.359  INFO 27368 --- [restartedMain] trationDelegate$BeanPostProcessorChecker : Bean 'org.springframework.security.access.expression.method.DefaultMethodSecurityExpressionHandler@3163444f' of type [org.springframework.security.access.expression.method.DefaultMethodSecurityExpressionHandler] is not eligible for getting processed by all BeanPostProcessors (for example: not eligible for auto-proxying)
2022-08-03 16:45:10.360  INFO 27368 --- [restartedMain] trationDelegate$BeanPostProcessorChecker : Bean 'methodSecurityMetadataSource' of type [org.springframework.security.access.method.DelegatingMethodSecurityMetadataSource] is not eligible for getting processed by all BeanPostProcessors (for example: not eligible for auto-proxying)
2022-08-03 16:45:10.414  INFO 27368 --- [restartedMain] o.s.b.w.embedded.tomcat.TomcatWebServer  : Tomcat initialized with port(s): 8080 (http)
2022-08-03 16:45:10.414  INFO 27368 --- [restartedMain] o.apache.catalina.core.StandardService   : Starting service [Tomcat]
2022-08-03 16:45:10.415  INFO 27368 --- [restartedMain] org.apache.catalina.core.StandardEngine  : Starting Servlet engine: [Apache Tomcat/9.0.45]
2022-08-03 16:45:10.440  INFO 27368 --- [restartedMain] o.a.c.c.C.[Tomcat].[localhost].[/]       : Initializing Spring embedded WebApplicationContext
2022-08-03 16:45:10.440  INFO 27368 --- [restartedMain] w.s.c.ServletWebServerApplicationContext : Root WebApplicationContext: initialization completed in 735 ms
2022-08-03 16:45:10.496  INFO 27368 --- [restartedMain] o.s.boot.web.servlet.RegistrationBean    : Filter characterEncodingFilter was not registered (possibly already registered?)
2022-08-03 16:45:10.497 DEBUG 27368 --- [restartedMain] o.s.web.filter.CharacterEncodingFilter   : Filter 'characterEncodingFilter' configured for use
2022-08-03 16:45:10.497 DEBUG 27368 --- [restartedMain] o.s.w.f.CommonsRequestLoggingFilter      : Filter 'commonsRequestLoggingFilter' configured for use
2022-08-03 16:45:10.544  INFO 27368 --- [restartedMain] o.hibernate.jpa.internal.util.LogHelper  : HHH000204: Processing PersistenceUnitInfo [name: default]
2022-08-03 16:45:10.550  INFO 27368 --- [restartedMain] com.zaxxer.hikari.HikariDataSource       : HikariPool-5 - Starting...
2022-08-03 16:45:10.565  INFO 27368 --- [restartedMain] com.zaxxer.hikari.HikariDataSource       : HikariPool-5 - Start completed.
2022-08-03 16:45:10.565  INFO 27368 --- [restartedMain] org.hibernate.dialect.Dialect            : HHH000400: Using dialect: org.hibernate.dialect.MySQL57Dialect
2022-08-03 16:45:10.625  INFO 27368 --- [restartedMain] o.h.e.t.j.p.i.JtaPlatformInitiator       : HHH000490: Using JtaPlatform implementation: [org.hibernate.engine.transaction.jta.platform.internal.NoJtaPlatform]
2022-08-03 16:45:10.625  INFO 27368 --- [restartedMain] j.LocalContainerEntityManagerFactoryBean : Initialized JPA EntityManagerFactory for persistence unit 'default'
2022-08-03 16:45:10.644  INFO 27368 --- [restartedMain] o.s.b.d.a.OptionalLiveReloadServer       : LiveReload server is running on port 35729
2022-08-03 16:45:10.747  WARN 27368 --- [restartedMain] JpaBaseConfiguration$JpaWebConfiguration : spring.jpa.open-in-view is enabled by default. Therefore, database queries may be performed during view rendering. Explicitly configure spring.jpa.open-in-view to disable this warning
2022-08-03 16:45:10.880 DEBUG 27368 --- [restartedMain] s.w.s.m.m.a.RequestMappingHandlerMapping : 16 mappings in 'requestMappingHandlerMapping'
2022-08-03 16:45:10.937  INFO 27368 --- [restartedMain] o.s.b.a.e.web.EndpointLinksResolver      : Exposing 2 endpoint(s) beneath base path '/actuator'
2022-08-03 16:45:11.012  INFO 27368 --- [restartedMain] o.s.s.web.DefaultSecurityFilterChain     : Will secure any request with [org.springframework.security.web.context.request.async.WebAsyncManagerIntegrationFilter@6618f6e, org.springframework.security.web.context.SecurityContextPersistenceFilter@7b9457f8, org.springframework.security.web.header.HeaderWriterFilter@c7ef5, org.springframework.web.filter.CorsFilter@3cc7c237, org.springframework.security.web.authentication.logout.LogoutFilter@63558d00, com.teras.common.auth.JwtAuthenticationFilter@4f0edbb8, org.springframework.security.web.savedrequest.RequestCacheAwareFilter@779fff62, org.springframework.security.web.servletapi.SecurityContextHolderAwareRequestFilter@1407ccb2, org.springframework.security.web.authentication.AnonymousAuthenticationFilter@67d98f24, org.springframework.security.web.session.SessionManagementFilter@42fd8e7f, org.springframework.security.web.access.ExceptionTranslationFilter@78160c8, org.springframework.security.web.access.intercept.FilterSecurityInterceptor@2edbbc33]
2022-08-03 16:45:11.047  INFO 27368 --- [restartedMain] o.s.s.concurrent.ThreadPoolTaskExecutor  : Initializing ExecutorService 'applicationTaskExecutor'
2022-08-03 16:45:11.054 DEBUG 27368 --- [restartedMain] s.w.s.m.m.a.RequestMappingHandlerAdapter : ControllerAdvice beans: 0 @ModelAttribute, 0 @InitBinder, 1 RequestBodyAdvice, 1 ResponseBodyAdvice
2022-08-03 16:45:11.073 DEBUG 27368 --- [restartedMain] o.s.w.s.handler.SimpleUrlHandlerMapping  : Patterns [/swagger-ui/] in 'viewControllerHandlerMapping'
2022-08-03 16:45:11.088 DEBUG 27368 --- [restartedMain] o.s.w.s.c.annotation.WebMvcConfigurer    : Default resource handling disabled
2022-08-03 16:45:11.212 DEBUG 27368 --- [restartedMain] o.s.w.s.handler.SimpleUrlHandlerMapping  : Patterns [/resources/**, /swagger-ui.html, /webjars/**, /css/**, /fonts/**, /icons/**, /img/**, /js/**, /swagger-ui/**] in 'resourceHandlerMapping'
2022-08-03 16:45:11.219 DEBUG 27368 --- [restartedMain] .m.m.a.ExceptionHandlerExceptionResolver : ControllerAdvice beans: 1 @ExceptionHandler, 1 ResponseBodyAdvice
2022-08-03 16:45:11.229  WARN 27368 --- [restartedMain] o.s.b.a.m.MustacheAutoConfiguration      : Cannot find template location: classpath:/templates/ (please add some templates, check your Mustache configuration, or set spring.mustache.check-template-location=false)
2022-08-03 16:45:11.325  INFO 27368 --- [restartedMain] o.s.b.w.embedded.tomcat.TomcatWebServer  : Tomcat started on port(s): 8080 (http) with context path ''
2022-08-03 16:45:11.350  INFO 27368 --- [restartedMain] com.teras.TerasApplication               : Started TerasApplication in 1.686 seconds (JVM running for 349.191)
2022-08-03 16:45:11.353  INFO 27368 --- [restartedMain] .ConditionEvaluationDeltaLoggingListener : Condition evaluation unchanged
2022-08-03 16:45:13.689  INFO 27368 --- [http-nio-0.0.0.0-8080-exec-2] o.a.c.c.C.[Tomcat].[localhost].[/]       : Initializing Spring DispatcherServlet 'dispatcherServlet'
2022-08-03 16:45:13.691  INFO 27368 --- [http-nio-0.0.0.0-8080-exec-2] o.s.web.servlet.DispatcherServlet        : Initializing Servlet 'dispatcherServlet'
2022-08-03 16:45:13.691 DEBUG 27368 --- [http-nio-0.0.0.0-8080-exec-2] o.s.web.servlet.DispatcherServlet        : Detected StandardServletMultipartResolver
2022-08-03 16:45:13.691 DEBUG 27368 --- [http-nio-0.0.0.0-8080-exec-2] o.s.web.servlet.DispatcherServlet        : Detected AcceptHeaderLocaleResolver
2022-08-03 16:45:13.691 DEBUG 27368 --- [http-nio-0.0.0.0-8080-exec-2] o.s.web.servlet.DispatcherServlet        : Detected FixedThemeResolver
2022-08-03 16:45:13.693 DEBUG 27368 --- [http-nio-0.0.0.0-8080-exec-2] o.s.web.servlet.DispatcherServlet        : Detected org.springframework.web.servlet.view.DefaultRequestToViewNameTranslator@4caabdd8
2022-08-03 16:45:13.693 DEBUG 27368 --- [http-nio-0.0.0.0-8080-exec-2] o.s.web.servlet.DispatcherServlet        : Detected org.springframework.web.servlet.support.SessionFlashMapManager@1cdd4414
2022-08-03 16:45:13.693 DEBUG 27368 --- [http-nio-0.0.0.0-8080-exec-2] o.s.web.servlet.DispatcherServlet        : enableLoggingRequestDetails='false': request parameters and headers will be masked to prevent unsafe logging of potentially sensitive data
2022-08-03 16:45:13.693  INFO 27368 --- [http-nio-0.0.0.0-8080-exec-2] o.s.web.servlet.DispatcherServlet        : Completed initialization in 2 ms
2022-08-03 16:45:13.695 DEBUG 27368 --- [http-nio-0.0.0.0-8080-exec-2] o.s.web.servlet.DispatcherServlet        : POST "/auth/login", parameters={}
2022-08-03 16:45:13.695 DEBUG 27368 --- [http-nio-0.0.0.0-8080-exec-2] s.w.s.m.m.a.RequestMappingHandlerMapping : Mapped to com.teras.api.controller.AuthController#login(UserLoginPostReq)
2022-08-03 16:45:13.697 DEBUG 27368 --- [http-nio-0.0.0.0-8080-exec-2] m.m.a.RequestResponseBodyMethodProcessor : Read "application/json;charset=UTF-8" to [com.teras.api.request.UserLoginPostReq@3ea99190]
2022-08-03 16:45:13.781 DEBUG 27368 --- [http-nio-0.0.0.0-8080-exec-2] o.s.w.s.m.m.a.HttpEntityMethodProcessor  : Using 'application/json', given [*/*] and supported [application/json, application/*+json, application/json, application/*+json]
2022-08-03 16:45:13.781 DEBUG 27368 --- [http-nio-0.0.0.0-8080-exec-2] o.s.w.s.m.m.a.HttpEntityMethodProcessor  : Writing [com.teras.api.response.UserLoginPostRes@5ce52a70]
2022-08-03 16:45:13.783 DEBUG 27368 --- [http-nio-0.0.0.0-8080-exec-2] o.s.web.servlet.DispatcherServlet        : Completed 200 OK
2022-08-03 16:46:26.668  INFO 27368 --- [Thread-24] o.s.s.concurrent.ThreadPoolTaskExecutor  : Shutting down ExecutorService 'applicationTaskExecutor'
2022-08-03 16:46:26.670  INFO 27368 --- [Thread-24] j.LocalContainerEntityManagerFactoryBean : Closing JPA EntityManagerFactory for persistence unit 'default'
2022-08-03 16:46:26.671  INFO 27368 --- [Thread-24] com.zaxxer.hikari.HikariDataSource       : HikariPool-5 - Shutdown initiated...
2022-08-03 16:46:26.676  INFO 27368 --- [Thread-24] com.zaxxer.hikari.HikariDataSource       : HikariPool-5 - Shutdown completed.
2022-08-03 16:46:26.881  INFO 27368 --- [restartedMain] com.teras.TerasApplication               : Starting TerasApplication using Java 1.8.0_192 on DESKTOP-KNDLPLS with PID 27368 (C:\Users\patt1\Desktop\공통프로젝트\TERAS-feature-be-notice\backend\bin\main started by patt1 in C:\Users\patt1\Desktop\공통프로젝트\TERAS-feature-be-notice\backend)
2022-08-03 16:46:26.881  INFO 27368 --- [restartedMain] com.teras.TerasApplication               : No active profile set, falling back to default profiles: default
2022-08-03 16:46:27.476  INFO 27368 --- [restartedMain] .s.d.r.c.RepositoryConfigurationDelegate : Bootstrapping Spring Data JPA repositories in DEFAULT mode.
2022-08-03 16:46:27.516  INFO 27368 --- [restartedMain] .s.d.r.c.RepositoryConfigurationDelegate : Finished Spring Data repository scanning in 40 ms. Found 2 JPA repository interfaces.
2022-08-03 16:46:27.583  INFO 27368 --- [restartedMain] trationDelegate$BeanPostProcessorChecker : Bean 'org.springframework.security.access.expression.method.DefaultMethodSecurityExpressionHandler@5e253020' of type [org.springframework.security.access.expression.method.DefaultMethodSecurityExpressionHandler] is not eligible for getting processed by all BeanPostProcessors (for example: not eligible for auto-proxying)
2022-08-03 16:46:27.585  INFO 27368 --- [restartedMain] trationDelegate$BeanPostProcessorChecker : Bean 'methodSecurityMetadataSource' of type [org.springframework.security.access.method.DelegatingMethodSecurityMetadataSource] is not eligible for getting processed by all BeanPostProcessors (for example: not eligible for auto-proxying)
2022-08-03 16:46:27.728  INFO 27368 --- [restartedMain] o.s.b.w.embedded.tomcat.TomcatWebServer  : Tomcat initialized with port(s): 8080 (http)
2022-08-03 16:46:27.729  INFO 27368 --- [restartedMain] o.apache.catalina.core.StandardService   : Starting service [Tomcat]
2022-08-03 16:46:27.730  INFO 27368 --- [restartedMain] org.apache.catalina.core.StandardEngine  : Starting Servlet engine: [Apache Tomcat/9.0.45]
2022-08-03 16:46:27.754  INFO 27368 --- [restartedMain] o.a.c.c.C.[Tomcat].[localhost].[/]       : Initializing Spring embedded WebApplicationContext
2022-08-03 16:46:27.754  INFO 27368 --- [restartedMain] w.s.c.ServletWebServerApplicationContext : Root WebApplicationContext: initialization completed in 869 ms
2022-08-03 16:46:27.832  INFO 27368 --- [restartedMain] o.s.boot.web.servlet.RegistrationBean    : Filter characterEncodingFilter was not registered (possibly already registered?)
2022-08-03 16:46:27.834 DEBUG 27368 --- [restartedMain] o.s.web.filter.CharacterEncodingFilter   : Filter 'characterEncodingFilter' configured for use
2022-08-03 16:46:27.834 DEBUG 27368 --- [restartedMain] o.s.w.f.CommonsRequestLoggingFilter      : Filter 'commonsRequestLoggingFilter' configured for use
2022-08-03 16:46:27.953  INFO 27368 --- [restartedMain] o.hibernate.jpa.internal.util.LogHelper  : HHH000204: Processing PersistenceUnitInfo [name: default]
2022-08-03 16:46:27.960  INFO 27368 --- [restartedMain] com.zaxxer.hikari.HikariDataSource       : HikariPool-6 - Starting...
2022-08-03 16:46:27.980  INFO 27368 --- [restartedMain] com.zaxxer.hikari.HikariDataSource       : HikariPool-6 - Start completed.
2022-08-03 16:46:27.980  INFO 27368 --- [restartedMain] org.hibernate.dialect.Dialect            : HHH000400: Using dialect: org.hibernate.dialect.MySQL57Dialect
2022-08-03 16:46:28.045  INFO 27368 --- [restartedMain] o.h.e.t.j.p.i.JtaPlatformInitiator       : HHH000490: Using JtaPlatform implementation: [org.hibernate.engine.transaction.jta.platform.internal.NoJtaPlatform]
2022-08-03 16:46:28.045  INFO 27368 --- [restartedMain] j.LocalContainerEntityManagerFactoryBean : Initialized JPA EntityManagerFactory for persistence unit 'default'
2022-08-03 16:46:28.064  INFO 27368 --- [restartedMain] o.s.b.d.a.OptionalLiveReloadServer       : LiveReload server is running on port 35729
2022-08-03 16:46:28.167  WARN 27368 --- [restartedMain] JpaBaseConfiguration$JpaWebConfiguration : spring.jpa.open-in-view is enabled by default. Therefore, database queries may be performed during view rendering. Explicitly configure spring.jpa.open-in-view to disable this warning
2022-08-03 16:46:28.307 DEBUG 27368 --- [restartedMain] s.w.s.m.m.a.RequestMappingHandlerMapping : 16 mappings in 'requestMappingHandlerMapping'
2022-08-03 16:46:28.367  INFO 27368 --- [restartedMain] o.s.b.a.e.web.EndpointLinksResolver      : Exposing 2 endpoint(s) beneath base path '/actuator'
2022-08-03 16:46:28.434  INFO 27368 --- [restartedMain] o.s.s.web.DefaultSecurityFilterChain     : Will secure any request with [org.springframework.security.web.context.request.async.WebAsyncManagerIntegrationFilter@122f4e9f, org.springframework.security.web.context.SecurityContextPersistenceFilter@4738d270, org.springframework.security.web.header.HeaderWriterFilter@40234c83, org.springframework.web.filter.CorsFilter@37a5e4b3, org.springframework.security.web.authentication.logout.LogoutFilter@46c8a923, com.teras.common.auth.JwtAuthenticationFilter@53e99d15, org.springframework.security.web.savedrequest.RequestCacheAwareFilter@1bda129c, org.springframework.security.web.servletapi.SecurityContextHolderAwareRequestFilter@41c71230, org.springframework.security.web.authentication.AnonymousAuthenticationFilter@75556c49, org.springframework.security.web.session.SessionManagementFilter@782fc194, org.springframework.security.web.access.ExceptionTranslationFilter@14c91efd, org.springframework.security.web.access.intercept.FilterSecurityInterceptor@47d46f95]
2022-08-03 16:46:28.470  INFO 27368 --- [restartedMain] o.s.s.concurrent.ThreadPoolTaskExecutor  : Initializing ExecutorService 'applicationTaskExecutor'
2022-08-03 16:46:28.478 DEBUG 27368 --- [restartedMain] s.w.s.m.m.a.RequestMappingHandlerAdapter : ControllerAdvice beans: 0 @ModelAttribute, 0 @InitBinder, 1 RequestBodyAdvice, 1 ResponseBodyAdvice
2022-08-03 16:46:28.498 DEBUG 27368 --- [restartedMain] o.s.w.s.handler.SimpleUrlHandlerMapping  : Patterns [/swagger-ui/] in 'viewControllerHandlerMapping'
2022-08-03 16:46:28.514 DEBUG 27368 --- [restartedMain] o.s.w.s.c.annotation.WebMvcConfigurer    : Default resource handling disabled
2022-08-03 16:46:28.631 DEBUG 27368 --- [restartedMain] o.s.w.s.handler.SimpleUrlHandlerMapping  : Patterns [/resources/**, /swagger-ui.html, /webjars/**, /css/**, /fonts/**, /icons/**, /img/**, /js/**, /swagger-ui/**] in 'resourceHandlerMapping'
2022-08-03 16:46:28.640 DEBUG 27368 --- [restartedMain] .m.m.a.ExceptionHandlerExceptionResolver : ControllerAdvice beans: 1 @ExceptionHandler, 1 ResponseBodyAdvice
2022-08-03 16:46:28.655  WARN 27368 --- [restartedMain] o.s.b.a.m.MustacheAutoConfiguration      : Cannot find template location: classpath:/templates/ (please add some templates, check your Mustache configuration, or set spring.mustache.check-template-location=false)
2022-08-03 16:46:28.759  INFO 27368 --- [restartedMain] o.s.b.w.embedded.tomcat.TomcatWebServer  : Tomcat started on port(s): 8080 (http) with context path ''
2022-08-03 16:46:28.766  INFO 27368 --- [http-nio-0.0.0.0-8080-exec-2] o.a.c.c.C.[Tomcat].[localhost].[/]       : Initializing Spring DispatcherServlet 'dispatcherServlet'
2022-08-03 16:46:28.766  INFO 27368 --- [http-nio-0.0.0.0-8080-exec-2] o.s.web.servlet.DispatcherServlet        : Initializing Servlet 'dispatcherServlet'
2022-08-03 16:46:28.766 DEBUG 27368 --- [http-nio-0.0.0.0-8080-exec-2] o.s.web.servlet.DispatcherServlet        : Detected StandardServletMultipartResolver
2022-08-03 16:46:28.766 DEBUG 27368 --- [http-nio-0.0.0.0-8080-exec-2] o.s.web.servlet.DispatcherServlet        : Detected AcceptHeaderLocaleResolver
2022-08-03 16:46:28.766 DEBUG 27368 --- [http-nio-0.0.0.0-8080-exec-2] o.s.web.servlet.DispatcherServlet        : Detected FixedThemeResolver
2022-08-03 16:46:28.768 DEBUG 27368 --- [http-nio-0.0.0.0-8080-exec-2] o.s.web.servlet.DispatcherServlet        : Detected org.springframework.web.servlet.view.DefaultRequestToViewNameTranslator@1a260bb3
2022-08-03 16:46:28.768 DEBUG 27368 --- [http-nio-0.0.0.0-8080-exec-2] o.s.web.servlet.DispatcherServlet        : Detected org.springframework.web.servlet.support.SessionFlashMapManager@3aff46fa
2022-08-03 16:46:28.769 DEBUG 27368 --- [http-nio-0.0.0.0-8080-exec-2] o.s.web.servlet.DispatcherServlet        : enableLoggingRequestDetails='false': request parameters and headers will be masked to prevent unsafe logging of potentially sensitive data
2022-08-03 16:46:28.769  INFO 27368 --- [http-nio-0.0.0.0-8080-exec-2] o.s.web.servlet.DispatcherServlet        : Completed initialization in 3 ms
2022-08-03 16:46:28.770 DEBUG 27368 --- [http-nio-0.0.0.0-8080-exec-2] o.s.web.servlet.DispatcherServlet        : POST "/auth/login", parameters={}
2022-08-03 16:46:28.771 DEBUG 27368 --- [http-nio-0.0.0.0-8080-exec-2] s.w.s.m.m.a.RequestMappingHandlerMapping : Mapped to com.teras.api.controller.AuthController#login(UserLoginPostReq)
2022-08-03 16:46:28.773 DEBUG 27368 --- [http-nio-0.0.0.0-8080-exec-2] m.m.a.RequestResponseBodyMethodProcessor : Read "application/json;charset=UTF-8" to [com.teras.api.request.UserLoginPostReq@509ef9b1]
2022-08-03 16:46:28.788  INFO 27368 --- [restartedMain] com.teras.TerasApplication               : Started TerasApplication in 1.944 seconds (JVM running for 426.628)
2022-08-03 16:46:28.790  INFO 27368 --- [restartedMain] .ConditionEvaluationDeltaLoggingListener : Condition evaluation unchanged
2022-08-03 16:46:28.856 DEBUG 27368 --- [http-nio-0.0.0.0-8080-exec-2] o.s.w.s.m.m.a.HttpEntityMethodProcessor  : Using 'application/json', given [*/*] and supported [application/json, application/*+json, application/json, application/*+json]
2022-08-03 16:46:28.857 DEBUG 27368 --- [http-nio-0.0.0.0-8080-exec-2] o.s.w.s.m.m.a.HttpEntityMethodProcessor  : Writing [com.teras.api.response.UserLoginPostRes@59ff42e9]
2022-08-03 16:46:28.859 DEBUG 27368 --- [http-nio-0.0.0.0-8080-exec-2] o.s.web.servlet.DispatcherServlet        : Completed 200 OK
2022-08-03 16:46:51.816  INFO 27368 --- [RMI TCP Connection(2)-127.0.0.1] inMXBeanRegistrar$SpringApplicationAdmin : Application shutdown requested.
2022-08-03 16:46:51.949  INFO 27368 --- [RMI TCP Connection(2)-127.0.0.1] o.s.s.concurrent.ThreadPoolTaskExecutor  : Shutting down ExecutorService 'applicationTaskExecutor'
2022-08-03 16:46:51.951  INFO 27368 --- [RMI TCP Connection(2)-127.0.0.1] j.LocalContainerEntityManagerFactoryBean : Closing JPA EntityManagerFactory for persistence unit 'default'
2022-08-03 16:46:51.952  INFO 27368 --- [RMI TCP Connection(2)-127.0.0.1] com.zaxxer.hikari.HikariDataSource       : HikariPool-6 - Shutdown initiated...
2022-08-03 16:46:51.958  INFO 27368 --- [RMI TCP Connection(2)-127.0.0.1] com.zaxxer.hikari.HikariDataSource       : HikariPool-6 - Shutdown completed.
